2003.09.19 15:46 B F:\Omat\Ohjelmointi\HTML\[ZiK]\clan.htm --> koti.mbnet.fi / clan.htm
2003.09.19 15:46 B F:\Omat\Ohjelmointi\HTML\[ZiK]\clanpics.htm --> koti.mbnet.fi / clanpics.htm
2003.09.19 15:46 B F:\Omat\Ohjelmointi\HTML\[ZiK]\faq.htm --> koti.mbnet.fi / faq.htm
2003.09.19 15:46 B F:\Omat\Ohjelmointi\HTML\[ZiK]\feedb.htm --> koti.mbnet.fi / feedb.htm
2003.09.19 15:46 B F:\Omat\Ohjelmointi\HTML\[ZiK]\Index.htm --> koti.mbnet.fi / Index.htm
2003.09.19 15:46 B F:\Omat\Ohjelmointi\HTML\[ZiK]\info.htm --> koti.mbnet.fi / info.htm
2003.09.19 15:46 B F:\Omat\Ohjelmointi\HTML\[ZiK]\leftbar.gif --> koti.mbnet.fi / leftbar.gif
2003.09.19 15:46 B F:\Omat\Ohjelmointi\HTML\[ZiK]\logo.jpg --> koti.mbnet.fi / logo.jpg
2003.09.19 15:46 B F:\Omat\Ohjelmointi\HTML\[ZiK]\mail.htm --> koti.mbnet.fi / mail.htm
2003.09.19 15:46 B F:\Omat\Ohjelmointi\HTML\[ZiK]\match.htm --> koti.mbnet.fi / match.htm
2003.09.19 15:46 B F:\Omat\Ohjelmointi\HTML\[ZiK]\media.htm --> koti.mbnet.fi / media.htm
2003.09.19 15:46 B F:\Omat\Ohjelmointi\HTML\[ZiK]\member.htm --> koti.mbnet.fi / member.htm
2003.09.19 15:46 B F:\Omat\Ohjelmointi\HTML\[ZiK]\miscmedia.htm --> koti.mbnet.fi / miscmedia.htm
2003.09.19 15:46 B F:\Omat\Ohjelmointi\HTML\[ZiK]\news1.htm --> koti.mbnet.fi / news1.htm
2003.09.19 15:46 B F:\Omat\Ohjelmointi\HTML\[ZiK]\news2.htm --> koti.mbnet.fi / news2.htm
2003.09.19 15:46 B F:\Omat\Ohjelmointi\HTML\[ZiK]\news3.htm --> koti.mbnet.fi / news3.htm
2003.09.19 15:46 B F:\Omat\Ohjelmointi\HTML\[ZiK]\news4.htm --> koti.mbnet.fi / news4.htm
2003.09.19 15:46 B F:\Omat\Ohjelmointi\HTML\[ZiK]\news5.htm --> koti.mbnet.fi / news5.htm
2003.09.19 15:46 B F:\Omat\Ohjelmointi\HTML\[ZiK]\otherpics.htm --> koti.mbnet.fi / otherpics.htm
2003.09.19 15:46 B F:\Omat\Ohjelmointi\HTML\[ZiK]\pics.htm --> koti.mbnet.fi / pics.htm
2003.09.19 15:46 B F:\Omat\Ohjelmointi\HTML\[ZiK]\upg1.htm --> koti.mbnet.fi / upg1.htm
2003.09.19 15:46 B F:\Omat\Ohjelmointi\HTML\[ZiK]\upg2.htm --> koti.mbnet.fi / upg2.htm
2003.09.19 15:46 B F:\Omat\Ohjelmointi\HTML\[ZiK]\upg3.htm --> koti.mbnet.fi / upg3.htm
2003.09.19 15:46 B F:\Omat\Ohjelmointi\HTML\[ZiK]\Zapp.htm --> koti.mbnet.fi / Zapp.htm
2003.09.19 15:46 B F:\Omat\Ohjelmointi\HTML\[ZiK]\Zapp_info.htm --> koti.mbnet.fi / Zapp_info.htm
2003.09.19 15:46 B F:\Omat\Ohjelmointi\HTML\[ZiK]\Zass.htm --> koti.mbnet.fi / Zass.htm
2003.09.19 15:47 B F:\Omat\Ohjelmointi\HTML\[ZiK]\Zass_info.htm --> koti.mbnet.fi / Zass_info.htm
2003.09.19 15:47 B F:\Omat\Ohjelmointi\HTML\[ZiK]\Ziikki.htm --> koti.mbnet.fi / Ziikki.htm
2003.09.19 15:47 B F:\Omat\Ohjelmointi\HTML\[ZiK]\Ziikki_info.htm --> koti.mbnet.fi / Ziikki_info.htm
2003.09.19 15:47 B F:\Omat\Ohjelmointi\HTML\[ZiK]\Zilthria.htm --> koti.mbnet.fi / Zilthria.htm
2003.09.19 15:47 B F:\Omat\Ohjelmointi\HTML\[ZiK]\Zilthria_info.htm --> koti.mbnet.fi / Zilthria_info.htm
2003.09.19 15:47 B F:\Omat\Ohjelmointi\HTML\[ZiK]\Zingo.htm --> koti.mbnet.fi / Zingo.htm
2003.09.19 15:47 B F:\Omat\Ohjelmointi\HTML\[ZiK]\Zingo_info.htm --> koti.mbnet.fi / Zingo_info.htm
2003.09.19 15:47 B F:\Omat\Ohjelmointi\HTML\[ZiK]\Zionix.htm --> koti.mbnet.fi / Zionix.htm
2003.09.19 15:47 B F:\Omat\Ohjelmointi\HTML\[ZiK]\Zionix_info.htm --> koti.mbnet.fi / Zionix_info.htm
2003.09.19 19:59 B F:\Omat\Ohjelmointi\HTML\[ZiK]\mail.htm --> koti.mbnet.fi / mail.htm
2003.09.19 20:16 B F:\Omat\Ohjelmointi\HTML\[ZiK]\mail.htm --> koti.mbnet.fi / mail.htm
2003.09.19 20:19 B F:\Omat\Ohjelmointi\HTML\[ZiK]\mail.htm --> koti.mbnet.fi / mail.htm
2003.09.19 20:35 B F:\Omat\Ohjelmointi\HTML\[ZiK]\index.htm --> koti.mbnet.fi / index.htm
2003.09.23 17:03 B F:\Omat\Ohjelmointi\HTML\[ZiK]\index.htm --> koti.mbnet.fi / index.htm
2003.09.23 17:03 B F:\Omat\Ohjelmointi\HTML\[ZiK]\mail.htm --> koti.mbnet.fi / mail.htm
2003.09.23 17:03 B F:\Omat\Ohjelmointi\HTML\[ZiK]\match.htm --> koti.mbnet.fi / match.htm
2003.09.30 17:33 B F:\Omat\Ohjelmointi\HTML\[ZiK]\Kammer.htm --> koti.mbnet.fi / Kammer.htm
2003.09.30 17:33 B F:\Omat\Ohjelmointi\HTML\[ZiK]\Kammer_info.htm --> koti.mbnet.fi / Kammer_info.htm
2003.09.30 17:33 B F:\Omat\Ohjelmointi\HTML\[ZiK]\member.htm --> koti.mbnet.fi / member.htm
2003.09.30 17:33 B F:\Omat\Ohjelmointi\HTML\[ZiK]\Ranker.htm --> koti.mbnet.fi / Ranker.htm
2003.09.30 17:33 B F:\Omat\Ohjelmointi\HTML\[ZiK]\Ranker_info.htm --> koti.mbnet.fi / Ranker_info.htm
2003.09.30 17:33 B F:\Omat\Ohjelmointi\HTML\[ZiK]\Zapp.htm --> koti.mbnet.fi / Zapp.htm
2003.09.30 17:33 B F:\Omat\Ohjelmointi\HTML\[ZiK]\Zapp_info.htm --> koti.mbnet.fi / Zapp_info.htm
2003.09.30 17:33 B F:\Omat\Ohjelmointi\HTML\[ZiK]\Zass.htm --> koti.mbnet.fi / Zass.htm
2003.09.30 17:33 B F:\Omat\Ohjelmointi\HTML\[ZiK]\Zass_info.htm --> koti.mbnet.fi / Zass_info.htm
2003.09.30 17:33 B F:\Omat\Ohjelmointi\HTML\[ZiK]\Ziikki.htm --> koti.mbnet.fi / Ziikki.htm
2003.09.30 17:33 B F:\Omat\Ohjelmointi\HTML\[ZiK]\Ziikki_info.htm --> koti.mbnet.fi / Ziikki_info.htm
2003.09.30 17:33 B F:\Omat\Ohjelmointi\HTML\[ZiK]\Zilthria.htm --> koti.mbnet.fi / Zilthria.htm
2003.09.30 17:33 B F:\Omat\Ohjelmointi\HTML\[ZiK]\Zilthria_info.htm --> koti.mbnet.fi / Zilthria_info.htm
2003.09.30 17:33 B F:\Omat\Ohjelmointi\HTML\[ZiK]\Zingo.htm --> koti.mbnet.fi / Zingo.htm
2003.09.30 17:33 B F:\Omat\Ohjelmointi\HTML\[ZiK]\Zingo_info.htm --> koti.mbnet.fi / Zingo_info.htm
2003.09.30 17:33 B F:\Omat\Ohjelmointi\HTML\[ZiK]\Zionix.htm --> koti.mbnet.fi / Zionix.htm
2003.09.30 17:33 B F:\Omat\Ohjelmointi\HTML\[ZiK]\Zionix_info.htm --> koti.mbnet.fi / Zionix_info.htm
